<?xml version="1.0" encoding="UTF-8"?>
<!-- Generated by org.testng.reporters.JUnitReportReporter -->
<testsuite hostname="Durgas-MacBook-Pro.local" name="com.driveu.partnerapp.PartnerAppJunitTest" tests="1" failures="0" timestamp="19 Aug 2016 07:43:51 GMT" time="488.521" errors="0">
  <testcase name="collectedFaretest" time="488.521" classname="com.driveu.partnerapp.PartnerAppJunitTest"/>
</testsuite> <!-- com.driveu.partnerapp.PartnerAppJunitTest -->
