<?xml version="1.0" encoding="UTF-8"?>
<!-- Generated by org.testng.reporters.JUnitReportReporter -->
<testsuite hostname="Durgas-MacBook-Pro.local" name="com.driveu.partnerapp.PartnerAppAutomation" tests="2" failures="0" timestamp="19 Aug 2016 08:15:31 GMT" time="1059.476" errors="0">
  <testcase name="payonlinetest" time="573.801" classname="com.driveu.partnerapp.PartnerAppAutomation"/>
  <testcase name="collectedFaretest" time="485.675" classname="com.driveu.partnerapp.PartnerAppAutomation"/>
</testsuite> <!-- com.driveu.partnerapp.PartnerAppAutomation -->
